{"/Users/zane/.liq/playground/liquid-labs/regex-repo/src/contacts.js": {"path":"/Users/zane/.liq/playground/liquid-labs/regex-repo/src/contacts.js","statementMap":{"0":{"start":{"line":17,"column":24},"end":{"line":17,"column":90}},"1":{"start":{"line":19,"column":22},"end":{"line":19,"column":52}},"2":{"start":{"line":20,"column":24},"end":{"line":20,"column":50}},"3":{"start":{"line":22,"column":22},"end":{"line":22,"column":52}}},"fnMap":{},"branchMap":{},"s":{"0":5,"1":5,"2":5,"3":5},"f":{},"b":{}}
,"/Users/zane/.liq/playground/liquid-labs/regex-repo/src/css-color-data.js": {"path":"/Users/zane/.liq/playground/liquid-labs/regex-repo/src/css-color-data.js","statementMap":{"0":{"start":{"line":17,"column":26},"end":{"line":34,"column":1}},"1":{"start":{"line":36,"column":26},"end":{"line":38,"column":17}},"2":{"start":{"line":40,"column":26},"end":{"line":171,"column":17}},"3":{"start":{"line":173,"column":25},"end":{"line":175,"column":17}}},"fnMap":{},"branchMap":{},"s":{"0":5,"1":5,"2":5,"3":5},"f":{},"b":{}}
,"/Users/zane/.liq/playground/liquid-labs/regex-repo/src/css.js": {"path":"/Users/zane/.liq/playground/liquid-labs/regex-repo/src/css.js","statementMap":{"0":{"start":{"line":17,"column":0},"end":{"line":17,"column":null}},"1":{"start":{"line":18,"column":0},"end":{"line":18,"column":null}},"2":{"start":{"line":19,"column":0},"end":{"line":19,"column":null}},"3":{"start":{"line":27,"column":26},"end":{"line":27,"column":null}},"4":{"start":{"line":29,"column":28},"end":{"line":29,"column":62}},"5":{"start":{"line":31,"column":30},"end":{"line":31,"column":64}},"6":{"start":{"line":33,"column":25},"end":{"line":33,"column":76}},"7":{"start":{"line":35,"column":28},"end":{"line":35,"column":59}},"8":{"start":{"line":38,"column":28},"end":{"line":38,"column":73}},"9":{"start":{"line":40,"column":28},"end":{"line":40,"column":73}},"10":{"start":{"line":42,"column":28},"end":{"line":42,"column":73}},"11":{"start":{"line":44,"column":27},"end":{"line":44,"column":71}},"12":{"start":{"line":46,"column":14},"end":{"line":46,"column":62}},"13":{"start":{"line":47,"column":16},"end":{"line":47,"column":82}},"14":{"start":{"line":48,"column":17},"end":{"line":48,"column":97}},"15":{"start":{"line":49,"column":17},"end":{"line":49,"column":80}},"16":{"start":{"line":50,"column":18},"end":{"line":50,"column":88}},"17":{"start":{"line":52,"column":22},"end":{"line":52,"column":62}},"18":{"start":{"line":54,"column":23},"end":{"line":54,"column":65}},"19":{"start":{"line":58,"column":19},"end":{"line":58,"column":72}},"20":{"start":{"line":59,"column":19},"end":{"line":59,"column":114}},"21":{"start":{"line":60,"column":20},"end":{"line":60,"column":129}},"22":{"start":{"line":61,"column":20},"end":{"line":61,"column":110}},"23":{"start":{"line":62,"column":21},"end":{"line":62,"column":125}},"24":{"start":{"line":63,"column":12},"end":{"line":63,"column":105}},"25":{"start":{"line":65,"column":18},"end":{"line":65,"column":39}},"26":{"start":{"line":67,"column":17},"end":{"line":67,"column":84}},"27":{"start":{"line":68,"column":17},"end":{"line":68,"column":78}},"28":{"start":{"line":70,"column":19},"end":{"line":70,"column":42}},"29":{"start":{"line":71,"column":12},"end":{"line":71,"column":110}},"30":{"start":{"line":73,"column":18},"end":{"line":73,"column":39}},"31":{"start":{"line":75,"column":22},"end":{"line":77,"column":19}},"32":{"start":{"line":79,"column":24},"end":{"line":79,"column":52}},"33":{"start":{"line":80,"column":21},"end":{"line":81,"column":40}},"34":{"start":{"line":83,"column":23},"end":{"line":83,"column":50}}},"fnMap":{"0":{"name":"_getRequireWildcardCache","decl":{"start":{"line":27,"column":26},"end":{"line":27,"column":null}},"loc":{"start":{"line":27,"column":26},"end":{"line":27,"column":null}}}},"branchMap":{"0":{"loc":{"start":{"line":27,"column":26},"end":{"line":27,"column":null}},"type":"if","locations":[{"start":{"line":27,"column":26},"end":{"line":27,"column":null}}]},"1":{"loc":{"start":{"line":27,"column":26},"end":{"line":27,"column":null}},"type":"cond-expr","locations":[{"start":{"line":27,"column":26},"end":{"line":27,"column":null}},{"start":{"line":27,"column":26},"end":{"line":27,"column":null}}]},"2":{"loc":{"start":{"line":27,"column":26},"end":{"line":27,"column":null}},"type":"binary-expr","locations":[{"start":{"line":27,"column":26},"end":{"line":27,"column":null}},{"start":{"line":27,"column":26},"end":{"line":27,"column":null}},{"start":{"line":27,"column":26},"end":{"line":27,"column":null}}]}},"s":{"0":5,"1":5,"2":5,"3":10,"4":5,"5":5,"6":5,"7":5,"8":5,"9":5,"10":5,"11":5,"12":5,"13":5,"14":5,"15":5,"16":5,"17":5,"18":5,"19":5,"20":5,"21":5,"22":5,"23":5,"24":5,"25":5,"26":5,"27":5,"28":5,"29":5,"30":5,"31":5,"32":5,"33":5,"34":5},"f":{"0":5},"b":{"0":[5],"1":[0,0],"2":[5,5,5]}}
,"/Users/zane/.liq/playground/liquid-labs/regex-repo/src/ids.js": {"path":"/Users/zane/.liq/playground/liquid-labs/regex-repo/src/ids.js","statementMap":{"0":{"start":{"line":17,"column":21},"end":{"line":17,"column":96}},"1":{"start":{"line":19,"column":19},"end":{"line":19,"column":51}}},"fnMap":{},"branchMap":{},"s":{"0":5,"1":5},"f":{},"b":{}}
,"/Users/zane/.liq/playground/liquid-labs/regex-repo/src/lib.js": {"path":"/Users/zane/.liq/playground/liquid-labs/regex-repo/src/lib.js","statementMap":{"0":{"start":{"line":19,"column":23},"end":{"line":22,"column":null}},"1":{"start":{"line":19,"column":37},"end":{"line":22,"column":null}},"2":{"start":{"line":24,"column":24},"end":{"line":29,"column":null}},"3":{"start":{"line":24,"column":48},"end":{"line":29,"column":null}},"4":{"start":{"line":25,"column":21},"end":{"line":28,"column":null}},"5":{"start":{"line":27,"column":6},"end":{"line":27,"column":null}},"6":{"start":{"line":31,"column":22},"end":{"line":34,"column":1}},"7":{"start":{"line":32,"column":2},"end":{"line":32,"column":null}},"8":{"start":{"line":33,"column":2},"end":{"line":33,"column":null}}},"fnMap":{"0":{"name":"lockdownRe","decl":{"start":{"line":19,"column":13},"end":{"line":19,"column":23}},"loc":{"start":{"line":19,"column":37},"end":{"line":22,"column":null}}},"1":{"name":"groupTestHelper","decl":{"start":{"line":24,"column":6},"end":{"line":24,"column":21}},"loc":{"start":{"line":24,"column":48},"end":{"line":29,"column":null}}},"2":{"name":"(anonymous_2)","decl":{"start":{"line":25,"column":15},"end":{"line":25,"column":16}},"loc":{"start":{"line":25,"column":21},"end":{"line":28,"column":null}}},"3":{"name":"(anonymous_3)","decl":{"start":{"line":26,"column":84},"end":{"line":26,"column":90}},"loc":{"start":{"line":26,"column":90},"end":{"line":28,"column":5}}},"4":{"name":"groupTest","decl":{"start":{"line":31,"column":13},"end":{"line":31,"column":22}},"loc":{"start":{"line":31,"column":63},"end":{"line":34,"column":1}}}},"branchMap":{"0":{"loc":{"start":{"line":20,"column":2},"end":{"line":22,"column":43}},"type":"cond-expr","locations":[{"start":{"line":21,"column":6},"end":{"line":21,"column":55}},{"start":{"line":22,"column":6},"end":{"line":22,"column":43}}]},"1":{"loc":{"start":{"line":26,"column":12},"end":{"line":26,"column":41}},"type":"cond-expr","locations":[{"start":{"line":26,"column":19},"end":{"line":26,"column":36}},{"start":{"line":26,"column":39},"end":{"line":26,"column":41}}]},"2":{"loc":{"start":{"line":26,"column":44},"end":{"line":26,"column":69}},"type":"cond-expr","locations":[{"start":{"line":26,"column":54},"end":{"line":26,"column":60}},{"start":{"line":26,"column":63},"end":{"line":26,"column":69}}]}},"s":{"0":6,"1":115,"2":6,"3":50,"4":669,"5":669,"6":6,"7":25,"8":25},"f":{"0":115,"1":50,"2":669,"3":669,"4":25},"b":{"0":[45,70],"1":[536,133],"2":[399,270]}}
,"/Users/zane/.liq/playground/liquid-labs/regex-repo/src/npm.js": {"path":"/Users/zane/.liq/playground/liquid-labs/regex-repo/src/npm.js","statementMap":{"0":{"start":{"line":2,"column":29},"end":{"line":2,"column":90}}},"fnMap":{},"branchMap":{},"s":{"0":1},"f":{},"b":{}}
,"/Users/zane/.liq/playground/liquid-labs/regex-repo/src/numbers-strings.js": {"path":"/Users/zane/.liq/playground/liquid-labs/regex-repo/src/numbers-strings.js","statementMap":{"0":{"start":{"line":19,"column":26},"end":{"line":19,"column":75}},"1":{"start":{"line":20,"column":31},"end":{"line":20,"column":72}},"2":{"start":{"line":21,"column":21},"end":{"line":21,"column":65}},"3":{"start":{"line":22,"column":28},"end":{"line":22,"column":58}},"4":{"start":{"line":23,"column":32},"end":{"line":23,"column":62}},"5":{"start":{"line":24,"column":37},"end":{"line":25,"column":51}},"6":{"start":{"line":26,"column":25},"end":{"line":26,"column":80}},"7":{"start":{"line":27,"column":30},"end":{"line":28,"column":80}},"8":{"start":{"line":29,"column":25},"end":{"line":29,"column":80}},"9":{"start":{"line":30,"column":30},"end":{"line":31,"column":76}}},"fnMap":{},"branchMap":{},"s":{"0":5,"1":5,"2":5,"3":5,"4":5,"5":5,"6":5,"7":5,"8":5,"9":5},"f":{},"b":{}}
,"/Users/zane/.liq/playground/liquid-labs/regex-repo/src/numbers.js": {"path":"/Users/zane/.liq/playground/liquid-labs/regex-repo/src/numbers.js","statementMap":{"0":{"start":{"line":17,"column":0},"end":{"line":17,"column":null}},"1":{"start":{"line":18,"column":0},"end":{"line":18,"column":34}},"2":{"start":{"line":18,"column":34},"end":{"line":18,"column":null}},"3":{"start":{"line":21,"column":25},"end":{"line":21,"column":61}},"4":{"start":{"line":23,"column":30},"end":{"line":23,"column":71}},"5":{"start":{"line":25,"column":20},"end":{"line":25,"column":51}},"6":{"start":{"line":28,"column":27},"end":{"line":28,"column":65}},"7":{"start":{"line":30,"column":31},"end":{"line":30,"column":73}},"8":{"start":{"line":32,"column":36},"end":{"line":32,"column":83}},"9":{"start":{"line":34,"column":24},"end":{"line":34,"column":59}},"10":{"start":{"line":36,"column":29},"end":{"line":36,"column":69}},"11":{"start":{"line":38,"column":24},"end":{"line":38,"column":59}},"12":{"start":{"line":40,"column":29},"end":{"line":40,"column":69}}},"fnMap":{"0":{"name":"_getRequireWildcardCache","decl":{"start":{"line":18,"column":34},"end":{"line":18,"column":null}},"loc":{"start":{"line":18,"column":34},"end":{"line":18,"column":null}}}},"branchMap":{"0":{"loc":{"start":{"line":18,"column":34},"end":{"line":18,"column":null}},"type":"if","locations":[{"start":{"line":18,"column":34},"end":{"line":18,"column":null}}]},"1":{"loc":{"start":{"line":18,"column":34},"end":{"line":18,"column":null}},"type":"cond-expr","locations":[{"start":{"line":18,"column":34},"end":{"line":18,"column":null}},{"start":{"line":18,"column":34},"end":{"line":18,"column":null}}]},"2":{"loc":{"start":{"line":18,"column":34},"end":{"line":18,"column":null}},"type":"binary-expr","locations":[{"start":{"line":18,"column":34},"end":{"line":18,"column":null}},{"start":{"line":18,"column":34},"end":{"line":18,"column":null}},{"start":{"line":18,"column":34},"end":{"line":18,"column":null}}]}},"s":{"0":5,"1":5,"2":10,"3":5,"4":5,"5":5,"6":5,"7":5,"8":5,"9":5,"10":5,"11":5,"12":5},"f":{"0":5},"b":{"0":[5],"1":[0,0],"2":[5,5,5]}}
,"/Users/zane/.liq/playground/liquid-labs/regex-repo/src/web.js": {"path":"/Users/zane/.liq/playground/liquid-labs/regex-repo/src/web.js","statementMap":{"0":{"start":{"line":19,"column":20},"end":{"line":31,"column":258}},"1":{"start":{"line":33,"column":18},"end":{"line":33,"column":49}},"2":{"start":{"line":36,"column":21},"end":{"line":36,"column":76}},"3":{"start":{"line":37,"column":18},"end":{"line":37,"column":49}},"4":{"start":{"line":38,"column":19},"end":{"line":38,"column":54}},"5":{"start":{"line":40,"column":20},"end":{"line":40,"column":53}},"6":{"start":{"line":42,"column":31},"end":{"line":42,"column":74}},"7":{"start":{"line":44,"column":32},"end":{"line":44,"column":72}}},"fnMap":{},"branchMap":{},"s":{"0":5,"1":5,"2":5,"3":5,"4":5,"5":5,"6":5,"7":5},"f":{},"b":{}}
}
