{"/Users/zane/playground/regex-repo/src/aws.js": {"path":"/Users/zane/playground/regex-repo/src/aws.js","statementMap":{"0":{"start":{"line":16,"column":0},"end":{"line":16,"column":null}},"1":{"start":{"line":18,"column":27},"end":{"line":18,"column":90}},"2":{"start":{"line":21,"column":38},"end":{"line":21,"column":96}},"3":{"start":{"line":23,"column":32},"end":{"line":23,"column":72}},"4":{"start":{"line":25,"column":36},"end":{"line":25,"column":98}},"5":{"start":{"line":28,"column":30},"end":{"line":28,"column":68}}},"fnMap":{},"branchMap":{},"s":{"0":1,"1":1,"2":1,"3":1,"4":1,"5":1},"f":{},"b":{}}
,"/Users/zane/playground/regex-repo/src/contacts.js": {"path":"/Users/zane/playground/regex-repo/src/contacts.js","statementMap":{"0":{"start":{"line":17,"column":0},"end":{"line":17,"column":null}},"1":{"start":{"line":18,"column":0},"end":{"line":18,"column":null}},"2":{"start":{"line":19,"column":0},"end":{"line":19,"column":null}},"3":{"start":{"line":21,"column":28},"end":{"line":21,"column":95}},"4":{"start":{"line":23,"column":22},"end":{"line":23,"column":52}},"5":{"start":{"line":25,"column":28},"end":{"line":25,"column":55}},"6":{"start":{"line":27,"column":22},"end":{"line":27,"column":52}},"7":{"start":{"line":29,"column":26},"end":{"line":29,"column":268}},"8":{"start":{"line":31,"column":20},"end":{"line":31,"column":53}}},"fnMap":{},"branchMap":{},"s":{"0":1,"1":1,"2":1,"3":1,"4":1,"5":1,"6":1,"7":1,"8":1},"f":{},"b":{}}
,"/Users/zane/playground/regex-repo/src/css.js": {"path":"/Users/zane/playground/regex-repo/src/css.js","statementMap":{"0":{"start":{"line":17,"column":0},"end":{"line":17,"column":null}},"1":{"start":{"line":18,"column":0},"end":{"line":18,"column":null}},"2":{"start":{"line":19,"column":0},"end":{"line":19,"column":null}},"3":{"start":{"line":27,"column":30},"end":{"line":27,"column":null}},"4":{"start":{"line":29,"column":36},"end":{"line":29,"column":73}},"5":{"start":{"line":31,"column":30},"end":{"line":31,"column":68}},"6":{"start":{"line":34,"column":34},"end":{"line":34,"column":88}},"7":{"start":{"line":36,"column":28},"end":{"line":36,"column":64}},"8":{"start":{"line":38,"column":34},"end":{"line":38,"column":91}},"9":{"start":{"line":40,"column":28},"end":{"line":40,"column":64}},"10":{"start":{"line":42,"column":34},"end":{"line":42,"column":91}},"11":{"start":{"line":44,"column":28},"end":{"line":44,"column":64}},"12":{"start":{"line":46,"column":34},"end":{"line":46,"column":91}},"13":{"start":{"line":48,"column":28},"end":{"line":48,"column":64}},"14":{"start":{"line":50,"column":33},"end":{"line":50,"column":89}},"15":{"start":{"line":52,"column":27},"end":{"line":52,"column":62}},"16":{"start":{"line":54,"column":18},"end":{"line":54,"column":62}},"17":{"start":{"line":55,"column":20},"end":{"line":55,"column":82}},"18":{"start":{"line":56,"column":21},"end":{"line":56,"column":97}},"19":{"start":{"line":57,"column":21},"end":{"line":57,"column":80}},"20":{"start":{"line":58,"column":22},"end":{"line":58,"column":88}},"21":{"start":{"line":60,"column":28},"end":{"line":60,"column":80}},"22":{"start":{"line":62,"column":22},"end":{"line":62,"column":52}},"23":{"start":{"line":64,"column":29},"end":{"line":64,"column":83}},"24":{"start":{"line":66,"column":23},"end":{"line":66,"column":54}},"25":{"start":{"line":71,"column":23},"end":{"line":71,"column":72}},"26":{"start":{"line":72,"column":23},"end":{"line":72,"column":114}},"27":{"start":{"line":73,"column":24},"end":{"line":73,"column":129}},"28":{"start":{"line":74,"column":24},"end":{"line":74,"column":110}},"29":{"start":{"line":75,"column":25},"end":{"line":75,"column":125}},"30":{"start":{"line":77,"column":24},"end":{"line":77,"column":117}},"31":{"start":{"line":79,"column":18},"end":{"line":79,"column":44}},"32":{"start":{"line":81,"column":21},"end":{"line":81,"column":84}},"33":{"start":{"line":82,"column":17},"end":{"line":82,"column":78}},"34":{"start":{"line":84,"column":25},"end":{"line":84,"column":60}},"35":{"start":{"line":86,"column":19},"end":{"line":86,"column":46}},"36":{"start":{"line":88,"column":24},"end":{"line":89,"column":97}},"37":{"start":{"line":91,"column":18},"end":{"line":91,"column":44}},"38":{"start":{"line":93,"column":30},"end":{"line":98,"column":5}},"39":{"start":{"line":100,"column":24},"end":{"line":100,"column":56}},"40":{"start":{"line":102,"column":29},"end":{"line":106,"column":5}},"41":{"start":{"line":108,"column":23},"end":{"line":108,"column":54}}},"fnMap":{"0":{"name":"_getRequireWildcardCache","decl":{"start":{"line":27,"column":30},"end":{"line":27,"column":null}},"loc":{"start":{"line":27,"column":30},"end":{"line":27,"column":null}}}},"branchMap":{"0":{"loc":{"start":{"line":27,"column":30},"end":{"line":27,"column":null}},"type":"if","locations":[{"start":{"line":27,"column":30},"end":{"line":27,"column":null}}]},"1":{"loc":{"start":{"line":27,"column":30},"end":{"line":27,"column":null}},"type":"cond-expr","locations":[{"start":{"line":27,"column":30},"end":{"line":27,"column":null}},{"start":{"line":27,"column":30},"end":{"line":27,"column":null}}]},"2":{"loc":{"start":{"line":27,"column":30},"end":{"line":27,"column":null}},"type":"binary-expr","locations":[{"start":{"line":27,"column":30},"end":{"line":27,"column":null}},{"start":{"line":27,"column":30},"end":{"line":27,"column":null}},{"start":{"line":27,"column":30},"end":{"line":27,"column":null}}]}},"s":{"0":1,"1":1,"2":1,"3":2,"4":1,"5":1,"6":1,"7":1,"8":1,"9":1,"10":1,"11":1,"12":1,"13":1,"14":1,"15":1,"16":1,"17":1,"18":1,"19":1,"20":1,"21":1,"22":1,"23":1,"24":1,"25":1,"26":1,"27":1,"28":1,"29":1,"30":1,"31":1,"32":1,"33":1,"34":1,"35":1,"36":1,"37":1,"38":1,"39":1,"40":1,"41":1},"f":{"0":1},"b":{"0":[1],"1":[0,0],"2":[1,1,1]}}
,"/Users/zane/playground/regex-repo/src/date-times.mjs": {"path":"/Users/zane/playground/regex-repo/src/date-times.mjs","statementMap":{"0":{"start":{"line":16,"column":0},"end":{"line":16,"column":null}},"1":{"start":{"line":22,"column":31},"end":{"line":22,"column":195}},"2":{"start":{"line":24,"column":12},"end":{"line":24,"column":46}},"3":{"start":{"line":25,"column":13},"end":{"line":25,"column":29}},"4":{"start":{"line":26,"column":12},"end":{"line":26,"column":41}},"5":{"start":{"line":27,"column":13},"end":{"line":27,"column":36}},"6":{"start":{"line":28,"column":13},"end":{"line":28,"column":39}},"7":{"start":{"line":29,"column":11},"end":{"line":29,"column":76}},"8":{"start":{"line":32,"column":32},"end":{"line":32,"column":111}},"9":{"start":{"line":34,"column":32},"end":{"line":34,"column":86}},"10":{"start":{"line":36,"column":26},"end":{"line":36,"column":60}},"11":{"start":{"line":38,"column":36},"end":{"line":38,"column":85}},"12":{"start":{"line":40,"column":30},"end":{"line":40,"column":68}},"13":{"start":{"line":43,"column":31},"end":{"line":43,"column":172}},"14":{"start":{"line":45,"column":29},"end":{"line":45,"column":89}},"15":{"start":{"line":47,"column":32},"end":{"line":47,"column":122}},"16":{"start":{"line":49,"column":32},"end":{"line":49,"column":84}},"17":{"start":{"line":51,"column":26},"end":{"line":51,"column":60}},"18":{"start":{"line":53,"column":13},"end":{"line":53,"column":20}},"19":{"start":{"line":55,"column":27},"end":{"line":55,"column":105}},"20":{"start":{"line":57,"column":21},"end":{"line":57,"column":50}},"21":{"start":{"line":59,"column":29},"end":{"line":59,"column":107}},"22":{"start":{"line":61,"column":23},"end":{"line":61,"column":54}},"23":{"start":{"line":63,"column":33},"end":{"line":63,"column":78}},"24":{"start":{"line":65,"column":27},"end":{"line":65,"column":62}},"25":{"start":{"line":67,"column":25},"end":{"line":67,"column":112}},"26":{"start":{"line":69,"column":19},"end":{"line":69,"column":46}},"27":{"start":{"line":71,"column":39},"end":{"line":71,"column":133}},"28":{"start":{"line":73,"column":33},"end":{"line":73,"column":74}}},"fnMap":{},"branchMap":{},"s":{"0":1,"1":1,"2":1,"3":1,"4":1,"5":1,"6":1,"7":1,"8":1,"9":1,"10":1,"11":1,"12":1,"13":1,"14":1,"15":1,"16":1,"17":1,"18":1,"19":1,"20":1,"21":1,"22":1,"23":1,"24":1,"25":1,"26":1,"27":1,"28":1},"f":{},"b":{}}
,"/Users/zane/playground/regex-repo/src/ids.js": {"path":"/Users/zane/playground/regex-repo/src/ids.js","statementMap":{"0":{"start":{"line":17,"column":0},"end":{"line":17,"column":null}},"1":{"start":{"line":19,"column":25},"end":{"line":19,"column":118}},"2":{"start":{"line":21,"column":19},"end":{"line":21,"column":46}},"3":{"start":{"line":23,"column":24},"end":{"line":23,"column":84}},"4":{"start":{"line":25,"column":18},"end":{"line":25,"column":44}},"5":{"start":{"line":28,"column":23},"end":{"line":28,"column":397}},"6":{"start":{"line":28,"column":366},"end":{"line":28,"column":396}},"7":{"start":{"line":30,"column":24},"end":{"line":30,"column":73}},"8":{"start":{"line":32,"column":18},"end":{"line":32,"column":44}}},"fnMap":{"0":{"name":"(anonymous_0)","decl":{"start":{"line":28,"column":355},"end":{"line":28,"column":361}},"loc":{"start":{"line":28,"column":366},"end":{"line":28,"column":396}}}},"branchMap":{},"s":{"0":1,"1":1,"2":1,"3":1,"4":1,"5":1,"6":83,"7":1,"8":1},"f":{"0":83},"b":{}}
,"/Users/zane/playground/regex-repo/src/javascript.js": {"path":"/Users/zane/playground/regex-repo/src/javascript.js","statementMap":{"0":{"start":{"line":17,"column":0},"end":{"line":17,"column":null}},"1":{"start":{"line":19,"column":35},"end":{"line":19,"column":346}},"2":{"start":{"line":21,"column":29},"end":{"line":21,"column":66}},"3":{"start":{"line":24,"column":31},"end":{"line":24,"column":12997}},"4":{"start":{"line":26,"column":25},"end":{"line":26,"column":58}}},"fnMap":{},"branchMap":{},"s":{"0":1,"1":1,"2":1,"3":1,"4":1},"f":{},"b":{}}
,"/Users/zane/playground/regex-repo/src/npm.js": {"path":"/Users/zane/playground/regex-repo/src/npm.js","statementMap":{"0":{"start":{"line":17,"column":0},"end":{"line":17,"column":null}},"1":{"start":{"line":19,"column":35},"end":{"line":19,"column":93}},"2":{"start":{"line":21,"column":29},"end":{"line":21,"column":66}}},"fnMap":{},"branchMap":{},"s":{"0":1,"1":1,"2":1},"f":{},"b":{}}
,"/Users/zane/playground/regex-repo/src/numbers.js": {"path":"/Users/zane/playground/regex-repo/src/numbers.js","statementMap":{"0":{"start":{"line":17,"column":0},"end":{"line":17,"column":null}},"1":{"start":{"line":18,"column":0},"end":{"line":18,"column":46}},"2":{"start":{"line":18,"column":46},"end":{"line":18,"column":null}},"3":{"start":{"line":20,"column":28},"end":{"line":20,"column":50}},"4":{"start":{"line":22,"column":22},"end":{"line":22,"column":52}},"5":{"start":{"line":24,"column":31},"end":{"line":24,"column":55}},"6":{"start":{"line":26,"column":25},"end":{"line":26,"column":58}},"7":{"start":{"line":28,"column":36},"end":{"line":28,"column":65}},"8":{"start":{"line":30,"column":30},"end":{"line":30,"column":68}},"9":{"start":{"line":32,"column":26},"end":{"line":32,"column":45}},"10":{"start":{"line":34,"column":20},"end":{"line":34,"column":48}},"11":{"start":{"line":36,"column":33},"end":{"line":36,"column":59}},"12":{"start":{"line":38,"column":27},"end":{"line":38,"column":62}},"13":{"start":{"line":40,"column":37},"end":{"line":40,"column":67}},"14":{"start":{"line":42,"column":31},"end":{"line":42,"column":70}},"15":{"start":{"line":44,"column":42},"end":{"line":44,"column":77}},"16":{"start":{"line":46,"column":36},"end":{"line":46,"column":80}},"17":{"start":{"line":48,"column":30},"end":{"line":48,"column":53}},"18":{"start":{"line":50,"column":24},"end":{"line":50,"column":56}},"19":{"start":{"line":52,"column":35},"end":{"line":52,"column":63}},"20":{"start":{"line":54,"column":29},"end":{"line":54,"column":66}},"21":{"start":{"line":56,"column":30},"end":{"line":56,"column":53}},"22":{"start":{"line":58,"column":24},"end":{"line":58,"column":56}},"23":{"start":{"line":60,"column":35},"end":{"line":60,"column":63}},"24":{"start":{"line":62,"column":29},"end":{"line":62,"column":66}}},"fnMap":{"0":{"name":"_getRequireWildcardCache","decl":{"start":{"line":18,"column":46},"end":{"line":18,"column":null}},"loc":{"start":{"line":18,"column":46},"end":{"line":18,"column":null}}}},"branchMap":{"0":{"loc":{"start":{"line":18,"column":46},"end":{"line":18,"column":null}},"type":"if","locations":[{"start":{"line":18,"column":46},"end":{"line":18,"column":null}}]},"1":{"loc":{"start":{"line":18,"column":46},"end":{"line":18,"column":null}},"type":"cond-expr","locations":[{"start":{"line":18,"column":46},"end":{"line":18,"column":null}},{"start":{"line":18,"column":46},"end":{"line":18,"column":null}}]},"2":{"loc":{"start":{"line":18,"column":46},"end":{"line":18,"column":null}},"type":"binary-expr","locations":[{"start":{"line":18,"column":46},"end":{"line":18,"column":null}},{"start":{"line":18,"column":46},"end":{"line":18,"column":null}},{"start":{"line":18,"column":46},"end":{"line":18,"column":null}}]}},"s":{"0":1,"1":1,"2":2,"3":1,"4":1,"5":1,"6":1,"7":1,"8":1,"9":1,"10":1,"11":1,"12":1,"13":1,"14":1,"15":1,"16":1,"17":1,"18":1,"19":1,"20":1,"21":1,"22":1,"23":1,"24":1},"f":{"0":1},"b":{"0":[1],"1":[0,0],"2":[1,1,1]}}
,"/Users/zane/playground/regex-repo/src/web.js": {"path":"/Users/zane/playground/regex-repo/src/web.js","statementMap":{"0":{"start":{"line":17,"column":0},"end":{"line":17,"column":null}},"1":{"start":{"line":18,"column":0},"end":{"line":18,"column":null}},"2":{"start":{"line":20,"column":23},"end":{"line":22,"column":50}},"3":{"start":{"line":24,"column":17},"end":{"line":24,"column":42}},"4":{"start":{"line":26,"column":16},"end":{"line":26,"column":52}},"5":{"start":{"line":27,"column":29},"end":{"line":27,"column":64}},"6":{"start":{"line":29,"column":23},"end":{"line":29,"column":54}},"7":{"start":{"line":32,"column":25},"end":{"line":51,"column":45}},"8":{"start":{"line":53,"column":19},"end":{"line":53,"column":46}},"9":{"start":{"line":56,"column":28},"end":{"line":56,"column":107}},"10":{"start":{"line":58,"column":22},"end":{"line":58,"column":57}},"11":{"start":{"line":60,"column":35},"end":{"line":62,"column":123}},"12":{"start":{"line":64,"column":29},"end":{"line":64,"column":71}},"13":{"start":{"line":67,"column":33},"end":{"line":67,"column":100}},"14":{"start":{"line":69,"column":27},"end":{"line":69,"column":67}},"15":{"start":{"line":73,"column":24},"end":{"line":84,"column":75}},"16":{"start":{"line":86,"column":18},"end":{"line":86,"column":49}}},"fnMap":{},"branchMap":{},"s":{"0":3,"1":3,"2":3,"3":3,"4":3,"5":3,"6":3,"7":3,"8":3,"9":3,"10":3,"11":3,"12":3,"13":3,"14":3,"15":3,"16":3},"f":{},"b":{}}
,"/Users/zane/playground/regex-repo/src/lib/css-color-data.js": {"path":"/Users/zane/playground/regex-repo/src/lib/css-color-data.js","statementMap":{"0":{"start":{"line":17,"column":26},"end":{"line":34,"column":1}},"1":{"start":{"line":36,"column":26},"end":{"line":38,"column":17}},"2":{"start":{"line":40,"column":26},"end":{"line":171,"column":17}},"3":{"start":{"line":173,"column":25},"end":{"line":175,"column":17}}},"fnMap":{},"branchMap":{},"s":{"0":1,"1":1,"2":1,"3":1},"f":{},"b":{}}
,"/Users/zane/playground/regex-repo/src/lib/lockdown-re.js": {"path":"/Users/zane/playground/regex-repo/src/lib/lockdown-re.js","statementMap":{"0":{"start":{"line":17,"column":26},"end":{"line":17,"column":71}},"1":{"start":{"line":17,"column":42},"end":{"line":17,"column":71}},"2":{"start":{"line":17,"column":71},"end":{"line":17,"column":null}}},"fnMap":{"0":{"name":"(anonymous_0)","decl":{"start":{"line":17,"column":26},"end":{"line":17,"column":27}},"loc":{"start":{"line":17,"column":42},"end":{"line":17,"column":71}}}},"branchMap":{},"s":{"0":9,"1":62,"2":9},"f":{"0":62},"b":{}}
,"/Users/zane/playground/regex-repo/src/lib/numbers-strings.js": {"path":"/Users/zane/playground/regex-repo/src/lib/numbers-strings.js","statementMap":{"0":{"start":{"line":19,"column":26},"end":{"line":19,"column":75}},"1":{"start":{"line":20,"column":31},"end":{"line":20,"column":72}},"2":{"start":{"line":21,"column":21},"end":{"line":21,"column":65}},"3":{"start":{"line":22,"column":28},"end":{"line":22,"column":58}},"4":{"start":{"line":23,"column":32},"end":{"line":23,"column":62}},"5":{"start":{"line":24,"column":37},"end":{"line":25,"column":51}},"6":{"start":{"line":26,"column":25},"end":{"line":26,"column":80}},"7":{"start":{"line":27,"column":30},"end":{"line":28,"column":80}},"8":{"start":{"line":29,"column":25},"end":{"line":29,"column":80}},"9":{"start":{"line":30,"column":30},"end":{"line":31,"column":76}}},"fnMap":{},"branchMap":{},"s":{"0":2,"1":2,"2":2,"3":2,"4":2,"5":2,"6":2,"7":2,"8":2,"9":2},"f":{},"b":{}}
,"/Users/zane/playground/regex-repo/src/lib/uni-non-ascii.mjs": {"path":"/Users/zane/playground/regex-repo/src/lib/uni-non-ascii.mjs","statementMap":{"0":{"start":{"line":1,"column":24},"end":{"line":1,"column":47}}},"fnMap":{},"branchMap":{},"s":{"0":3},"f":{},"b":{}}
}
